<?xml version="1.0" encoding="UTF-8"?>
<robot generator="Robot 3.2.1 (Python 3.8.3 on win32)" generated="20200701 23:55:35.881" rpa="false">
<suite id="s1" name="AutomationExam" source="C:\Users\PC\PycharmProjects\Snapmart\TestCases\AutomationExam.robot">
<test id="s1-t1" name="TC_Customer Places Order from OWASP Juice Shop">
<kw name="Start Browser and Maximize" library="Resources">
<arguments>
<arg>${URL}</arg>
<arg>${Browser}</arg>
</arguments>
<kw name="Open Browser" library="SeleniumLibrary">
<doc>Opens a new browser instance to the optional ``url``.</doc>
<arguments>
<arg>${URL}</arg>
<arg>${Browser}</arg>
</arguments>
<msg timestamp="20200701 23:55:36.033" level="INFO">Opening browser 'Chrome' to base url 'http://139.99.96.214:3000'.</msg>
<status status="PASS" starttime="20200701 23:55:36.033" endtime="20200701 23:57:27.260"></status>
</kw>
<kw name="Maximize Browser Window" library="SeleniumLibrary">
<doc>Maximizes current browser window.</doc>
<status status="PASS" starttime="20200701 23:57:27.260" endtime="20200701 23:57:28.400"></status>
</kw>
<kw name="Capture Page Screenshot" library="SeleniumLibrary">
<doc>Takes a screenshot of the current page and embeds it into a log file.</doc>
<arguments>
<arg>JuiceShopHomepage.png</arg>
</arguments>
<msg timestamp="20200701 23:57:28.755" level="INFO" html="yes">&lt;/td&gt;&lt;/tr&gt;&lt;tr&gt;&lt;td colspan="3"&gt;&lt;a href="JuiceShopHomepage.png"&gt;&lt;img src="JuiceShopHomepage.png" width="800px"&gt;&lt;/a&gt;</msg>
<status status="PASS" starttime="20200701 23:57:28.400" endtime="20200701 23:57:28.755"></status>
</kw>
<status status="PASS" starttime="20200701 23:55:36.033" endtime="20200701 23:57:28.755"></status>
</kw>
<kw name="Dismiss Welcome Banner" library="Resources">
<arguments>
<arg>${Dismiss}</arg>
</arguments>
<kw name="Click Button" library="SeleniumLibrary">
<doc>Clicks the button identified by ``locator``.</doc>
<arguments>
<arg>${Dismiss}</arg>
</arguments>
<msg timestamp="20200701 23:57:28.756" level="INFO">Clicking button 'xpath://*[@id="mat-dialog-0"]/app-welcome-banner/div/div[2]/button[2]'.</msg>
<status status="PASS" starttime="20200701 23:57:28.756" endtime="20200701 23:57:28.815"></status>
</kw>
<status status="PASS" starttime="20200701 23:57:28.755" endtime="20200701 23:57:28.815"></status>
</kw>
<kw name="Set Selenium Implicit Wait" library="SeleniumLibrary">
<doc>Sets the implicit wait value used by Selenium.</doc>
<arguments>
<arg>30s</arg>
</arguments>
<status status="PASS" starttime="20200701 23:57:28.815" endtime="20200701 23:57:28.817"></status>
</kw>
<kw name="Wait Until Page Contains Element" library="SeleniumLibrary">
<doc>Waits until the element ``locator`` appears on the current page.</doc>
<arguments>
<arg>${HomepageItem}</arg>
</arguments>
<status status="PASS" starttime="20200701 23:57:28.818" endtime="20200701 23:57:28.827"></status>
</kw>
<kw name="Capture Page Screenshot" library="SeleniumLibrary">
<doc>Takes a screenshot of the current page and embeds it into a log file.</doc>
<arguments>
<arg>Homepage.png</arg>
</arguments>
<msg timestamp="20200701 23:57:29.205" level="INFO" html="yes">&lt;/td&gt;&lt;/tr&gt;&lt;tr&gt;&lt;td colspan="3"&gt;&lt;a href="Homepage.png"&gt;&lt;img src="Homepage.png" width="800px"&gt;&lt;/a&gt;</msg>
<status status="PASS" starttime="20200701 23:57:28.828" endtime="20200701 23:57:29.205"></status>
</kw>
<kw name="Login as a Valid User" library="Resources">
<arguments>
<arg>${Email}</arg>
<arg>${Password}</arg>
</arguments>
<kw name="Click Button" library="SeleniumLibrary">
<doc>Clicks the button identified by ``locator``.</doc>
<arguments>
<arg>xpath://*[@id="navbarAccount"]</arg>
</arguments>
<msg timestamp="20200701 23:57:29.206" level="INFO">Clicking button 'xpath://*[@id="navbarAccount"]'.</msg>
<status status="PASS" starttime="20200701 23:57:29.206" endtime="20200701 23:57:29.291"></status>
</kw>
<kw name="Click Button" library="SeleniumLibrary">
<doc>Clicks the button identified by ``locator``.</doc>
<arguments>
<arg>xpath://*[@id="navbarLoginButton"]</arg>
</arguments>
<msg timestamp="20200701 23:57:29.292" level="INFO">Clicking button 'xpath://*[@id="navbarLoginButton"]'.</msg>
<status status="PASS" starttime="20200701 23:57:29.291" endtime="20200701 23:57:29.652"></status>
</kw>
<kw name="Input Text" library="SeleniumLibrary">
<doc>Types the given ``text`` into the text field identified by ``locator``.</doc>
<arguments>
<arg>xpath://input[@id="email"]</arg>
<arg>${Email}</arg>
</arguments>
<msg timestamp="20200701 23:57:29.652" level="INFO">Typing text 'test@test.com' into text field 'xpath://input[@id="email"]'.</msg>
<status status="PASS" starttime="20200701 23:57:29.652" endtime="20200701 23:57:29.778"></status>
</kw>
<kw name="Input Text" library="SeleniumLibrary">
<doc>Types the given ``text`` into the text field identified by ``locator``.</doc>
<arguments>
<arg>xpath://input[@id="password"]</arg>
<arg>${Password}</arg>
</arguments>
<msg timestamp="20200701 23:57:29.778" level="INFO">Typing text 'abcd1234' into text field 'xpath://input[@id="password"]'.</msg>
<status status="PASS" starttime="20200701 23:57:29.778" endtime="20200701 23:57:29.873"></status>
</kw>
<kw name="Capture Page Screenshot" library="SeleniumLibrary">
<doc>Takes a screenshot of the current page and embeds it into a log file.</doc>
<arguments>
<arg>Loginpage.png</arg>
</arguments>
<msg timestamp="20200701 23:57:30.242" level="INFO" html="yes">&lt;/td&gt;&lt;/tr&gt;&lt;tr&gt;&lt;td colspan="3"&gt;&lt;a href="Loginpage.png"&gt;&lt;img src="Loginpage.png" width="800px"&gt;&lt;/a&gt;</msg>
<status status="PASS" starttime="20200701 23:57:29.873" endtime="20200701 23:57:30.242"></status>
</kw>
<kw name="Click Button" library="SeleniumLibrary">
<doc>Clicks the button identified by ``locator``.</doc>
<arguments>
<arg>xpath://*[@id="loginButton"]</arg>
</arguments>
<msg timestamp="20200701 23:57:30.243" level="INFO">Clicking button 'xpath://*[@id="loginButton"]'.</msg>
<status status="PASS" starttime="20200701 23:57:30.242" endtime="20200701 23:57:30.297"></status>
</kw>
<status status="PASS" starttime="20200701 23:57:29.205" endtime="20200701 23:57:30.297"></status>
</kw>
<kw name="Select Item" library="Resources">
<arguments>
<arg>${Item}</arg>
</arguments>
<kw name="Sleep" library="BuiltIn">
<doc>Pauses the test executed for the given time.</doc>
<arguments>
<arg>3s</arg>
</arguments>
<msg timestamp="20200701 23:57:33.299" level="INFO">Slept 3 seconds</msg>
<status status="PASS" starttime="20200701 23:57:30.298" endtime="20200701 23:57:33.299"></status>
</kw>
<kw name="Wait Until Element Is Visible" library="SeleniumLibrary">
<doc>Waits until the element ``locator`` is visible.</doc>
<arguments>
<arg>${Item}</arg>
</arguments>
<status status="PASS" starttime="20200701 23:57:33.299" endtime="20200701 23:57:40.134"></status>
</kw>
<kw name="Sleep" library="BuiltIn">
<doc>Pauses the test executed for the given time.</doc>
<arguments>
<arg>3s</arg>
</arguments>
<msg timestamp="20200701 23:57:43.135" level="INFO">Slept 3 seconds</msg>
<status status="PASS" starttime="20200701 23:57:40.134" endtime="20200701 23:57:43.135"></status>
</kw>
<kw name="Click Button" library="SeleniumLibrary">
<doc>Clicks the button identified by ``locator``.</doc>
<arguments>
<arg>${Item}</arg>
</arguments>
<msg timestamp="20200701 23:57:43.136" level="INFO">Clicking button 'xpath://html/body/app-root/div/mat-sidenav-container/mat-sidenav-content/app-search-result/div/div/div[2]/mat-grid-list/div/mat-grid-tile[5]/figure/mat-card/div[2]/button'.</msg>
<status status="PASS" starttime="20200701 23:57:43.135" endtime="20200701 23:57:43.216"></status>
</kw>
<kw name="Capture Page Screenshot" library="SeleniumLibrary">
<doc>Takes a screenshot of the current page and embeds it into a log file.</doc>
<arguments>
<arg>LoggedInUser.png</arg>
</arguments>
<msg timestamp="20200701 23:57:43.636" level="INFO" html="yes">&lt;/td&gt;&lt;/tr&gt;&lt;tr&gt;&lt;td colspan="3"&gt;&lt;a href="LoggedInUser.png"&gt;&lt;img src="LoggedInUser.png" width="800px"&gt;&lt;/a&gt;</msg>
<status status="PASS" starttime="20200701 23:57:43.216" endtime="20200701 23:57:43.636"></status>
</kw>
<kw name="Sleep" library="BuiltIn">
<doc>Pauses the test executed for the given time.</doc>
<arguments>
<arg>3s</arg>
</arguments>
<msg timestamp="20200701 23:57:46.636" level="INFO">Slept 3 seconds</msg>
<status status="PASS" starttime="20200701 23:57:43.636" endtime="20200701 23:57:46.636"></status>
</kw>
<kw name="Click Button" library="SeleniumLibrary">
<doc>Clicks the button identified by ``locator``.</doc>
<arguments>
<arg>${YourBasket}</arg>
</arguments>
<msg timestamp="20200701 23:57:46.637" level="INFO">Clicking button 'xpath://html/body/app-root/div/mat-sidenav-container/mat-sidenav-content/app-navbar/mat-toolbar/mat-toolbar-row/button[4]'.</msg>
<status status="PASS" starttime="20200701 23:57:46.636" endtime="20200701 23:57:46.756"></status>
</kw>
<status status="PASS" starttime="20200701 23:57:30.297" endtime="20200701 23:57:46.756"></status>
</kw>
<kw name="Checkout Item" library="Resources">
<arguments>
<arg>${Checkout}</arg>
</arguments>
<kw name="Wait Until Element Is Visible" library="SeleniumLibrary">
<doc>Waits until the element ``locator`` is visible.</doc>
<arguments>
<arg>${Checkout}</arg>
</arguments>
<status status="PASS" starttime="20200701 23:57:46.757" endtime="20200701 23:57:47.075"></status>
</kw>
<kw name="Capture Page Screenshot" library="SeleniumLibrary">
<doc>Takes a screenshot of the current page and embeds it into a log file.</doc>
<arguments>
<arg>Checkout.png</arg>
</arguments>
<msg timestamp="20200701 23:57:47.429" level="INFO" html="yes">&lt;/td&gt;&lt;/tr&gt;&lt;tr&gt;&lt;td colspan="3"&gt;&lt;a href="Checkout.png"&gt;&lt;img src="Checkout.png" width="800px"&gt;&lt;/a&gt;</msg>
<status status="PASS" starttime="20200701 23:57:47.075" endtime="20200701 23:57:47.429"></status>
</kw>
<kw name="Click Button" library="SeleniumLibrary">
<doc>Clicks the button identified by ``locator``.</doc>
<arguments>
<arg>xpath://*[@id="checkoutButton"]</arg>
</arguments>
<msg timestamp="20200701 23:57:47.429" level="INFO">Clicking button 'xpath://*[@id="checkoutButton"]'.</msg>
<status status="PASS" starttime="20200701 23:57:47.429" endtime="20200701 23:57:47.513"></status>
</kw>
<status status="PASS" starttime="20200701 23:57:46.757" endtime="20200701 23:57:47.513"></status>
</kw>
<kw name="Select Address" library="Resources">
<arguments>
<arg>${Address}</arg>
</arguments>
<kw name="Wait Until Element Is Visible" library="SeleniumLibrary">
<doc>Waits until the element ``locator`` is visible.</doc>
<arguments>
<arg>${Address}</arg>
</arguments>
<status status="PASS" starttime="20200701 23:57:47.514" endtime="20200701 23:57:48.160"></status>
</kw>
<kw name="Sleep" library="BuiltIn">
<doc>Pauses the test executed for the given time.</doc>
<arguments>
<arg>2s</arg>
</arguments>
<msg timestamp="20200701 23:57:50.162" level="INFO">Slept 2 seconds</msg>
<status status="PASS" starttime="20200701 23:57:48.160" endtime="20200701 23:57:50.162"></status>
</kw>
<kw name="Click Element" library="SeleniumLibrary">
<doc>Click the element identified by ``locator``.</doc>
<arguments>
<arg>${Address}</arg>
</arguments>
<msg timestamp="20200701 23:57:50.163" level="INFO">Clicking element 'xpath://*[@id="mat-radio-40"]'.</msg>
<status status="PASS" starttime="20200701 23:57:50.162" endtime="20200701 23:57:50.216"></status>
</kw>
<kw name="Capture Page Screenshot" library="SeleniumLibrary">
<doc>Takes a screenshot of the current page and embeds it into a log file.</doc>
<arguments>
<arg>SelectAddress.png</arg>
</arguments>
<msg timestamp="20200701 23:57:50.545" level="INFO" html="yes">&lt;/td&gt;&lt;/tr&gt;&lt;tr&gt;&lt;td colspan="3"&gt;&lt;a href="SelectAddress.png"&gt;&lt;img src="SelectAddress.png" width="800px"&gt;&lt;/a&gt;</msg>
<status status="PASS" starttime="20200701 23:57:50.216" endtime="20200701 23:57:50.545"></status>
</kw>
<kw name="Click Button" library="SeleniumLibrary">
<doc>Clicks the button identified by ``locator``.</doc>
<arguments>
<arg>xpath://*[@id="card"]/app-address/mat-card/button</arg>
</arguments>
<msg timestamp="20200701 23:57:50.546" level="INFO">Clicking button 'xpath://*[@id="card"]/app-address/mat-card/button'.</msg>
<status status="PASS" starttime="20200701 23:57:50.545" endtime="20200701 23:57:50.652"></status>
</kw>
<status status="PASS" starttime="20200701 23:57:47.513" endtime="20200701 23:57:50.652"></status>
</kw>
<kw name="Select Delivery Details" library="Resources">
<arguments>
<arg>${DeliveryDetails}</arg>
</arguments>
<kw name="Wait Until Element Is Visible" library="SeleniumLibrary">
<doc>Waits until the element ``locator`` is visible.</doc>
<arguments>
<arg>${DeliveryDetails}</arg>
</arguments>
<status status="PASS" starttime="20200701 23:57:50.653" endtime="20200701 23:57:51.061"></status>
</kw>
<kw name="Click Element" library="SeleniumLibrary">
<doc>Click the element identified by ``locator``.</doc>
<arguments>
<arg>${DeliveryDetails}</arg>
</arguments>
<msg timestamp="20200701 23:57:51.061" level="INFO">Clicking element 'xpath://*[@id="mat-radio-43"]'.</msg>
<status status="PASS" starttime="20200701 23:57:51.061" endtime="20200701 23:57:51.127"></status>
</kw>
<kw name="Capture Page Screenshot" library="SeleniumLibrary">
<doc>Takes a screenshot of the current page and embeds it into a log file.</doc>
<arguments>
<arg>SelectDeliveryDetails.png</arg>
</arguments>
<msg timestamp="20200701 23:57:51.485" level="INFO" html="yes">&lt;/td&gt;&lt;/tr&gt;&lt;tr&gt;&lt;td colspan="3"&gt;&lt;a href="SelectDeliveryDetails.png"&gt;&lt;img src="SelectDeliveryDetails.png" width="800px"&gt;&lt;/a&gt;</msg>
<status status="PASS" starttime="20200701 23:57:51.127" endtime="20200701 23:57:51.485"></status>
</kw>
<kw name="Click Button" library="SeleniumLibrary">
<doc>Clicks the button identified by ``locator``.</doc>
<arguments>
<arg>xpath://html/body/app-root/div/mat-sidenav-container/mat-sidenav-content/app-delivery-method/mat-card/div[4]/button[2]</arg>
</arguments>
<msg timestamp="20200701 23:57:51.485" level="INFO">Clicking button 'xpath://html/body/app-root/div/mat-sidenav-container/mat-sidenav-content/app-delivery-method/mat-card/div[4]/button[2]'.</msg>
<status status="PASS" starttime="20200701 23:57:51.485" endtime="20200701 23:57:51.878"></status>
</kw>
<status status="PASS" starttime="20200701 23:57:50.653" endtime="20200701 23:57:51.878"></status>
</kw>
<kw name="Select Payment Details" library="Resources">
<arguments>
<arg>${PaymentDetails}</arg>
</arguments>
<kw name="Wait Until Element Is Visible" library="SeleniumLibrary">
<doc>Waits until the element ``locator`` is visible.</doc>
<arguments>
<arg>${PaymentDetails}</arg>
</arguments>
<status status="PASS" starttime="20200701 23:57:51.879" endtime="20200701 23:57:51.911"></status>
</kw>
<kw name="Click Element" library="SeleniumLibrary">
<doc>Click the element identified by ``locator``.</doc>
<arguments>
<arg>${PaymentDetails}</arg>
</arguments>
<msg timestamp="20200701 23:57:51.911" level="INFO">Clicking element 'xpath://*[@id="mat-radio-45"]'.</msg>
<status status="PASS" starttime="20200701 23:57:51.911" endtime="20200701 23:57:51.964"></status>
</kw>
<kw name="Capture Page Screenshot" library="SeleniumLibrary">
<doc>Takes a screenshot of the current page and embeds it into a log file.</doc>
<arguments>
<arg>SelectPaymentDetails.png</arg>
</arguments>
<msg timestamp="20200701 23:57:52.323" level="INFO" html="yes">&lt;/td&gt;&lt;/tr&gt;&lt;tr&gt;&lt;td colspan="3"&gt;&lt;a href="SelectPaymentDetails.png"&gt;&lt;img src="SelectPaymentDetails.png" width="800px"&gt;&lt;/a&gt;</msg>
<status status="PASS" starttime="20200701 23:57:51.964" endtime="20200701 23:57:52.323"></status>
</kw>
<kw name="Sleep" library="BuiltIn">
<doc>Pauses the test executed for the given time.</doc>
<arguments>
<arg>2s</arg>
</arguments>
<msg timestamp="20200701 23:57:54.325" level="INFO">Slept 2 seconds</msg>
<status status="PASS" starttime="20200701 23:57:52.324" endtime="20200701 23:57:54.325"></status>
</kw>
<kw name="Click Button" library="SeleniumLibrary">
<doc>Clicks the button identified by ``locator``.</doc>
<arguments>
<arg>xpath://html/body/app-root/div/mat-sidenav-container/mat-sidenav-content/app-payment/mat-card/div/div[1]/div/div[3]/button</arg>
</arguments>
<msg timestamp="20200701 23:57:54.326" level="INFO">Clicking button 'xpath://html/body/app-root/div/mat-sidenav-container/mat-sidenav-content/app-payment/mat-card/div/div[1]/div/div[3]/button'.</msg>
<status status="PASS" starttime="20200701 23:57:54.326" endtime="20200701 23:57:54.418"></status>
</kw>
<kw name="Sleep" library="BuiltIn">
<doc>Pauses the test executed for the given time.</doc>
<arguments>
<arg>2s</arg>
</arguments>
<msg timestamp="20200701 23:57:56.420" level="INFO">Slept 2 seconds</msg>
<status status="PASS" starttime="20200701 23:57:54.418" endtime="20200701 23:57:56.420"></status>
</kw>
<kw name="Click Button" library="SeleniumLibrary">
<doc>Clicks the button identified by ``locator``.</doc>
<arguments>
<arg>xpath://*[@id="checkoutButton"]</arg>
</arguments>
<msg timestamp="20200701 23:57:56.420" level="INFO">Clicking button 'xpath://*[@id="checkoutButton"]'.</msg>
<status status="PASS" starttime="20200701 23:57:56.420" endtime="20200701 23:57:56.490"></status>
</kw>
<status status="PASS" starttime="20200701 23:57:51.879" endtime="20200701 23:57:56.490"></status>
</kw>
<kw name="Verify if Item is Correct" library="Resources">
<kw name="Element Text Should Be" library="SeleniumLibrary">
<doc>Verifies that element ``locator`` contains exact the text ``expected``.</doc>
<arguments>
<arg>xpath://html/body/app-root/div/mat-sidenav-container/mat-sidenav-content/app-order-completion/mat-card/div[2]/mat-table/mat-row/mat-cell[1]</arg>
<arg>Eggfruit Juice (500ml)</arg>
</arguments>
<msg timestamp="20200701 23:57:56.491" level="INFO">Verifying element 'xpath://html/body/app-root/div/mat-sidenav-container/mat-sidenav-content/app-order-completion/mat-card/div[2]/mat-table/mat-row/mat-cell[1]' contains exact text 'Eggfruit Juice (500ml)'.</msg>
<status status="PASS" starttime="20200701 23:57:56.491" endtime="20200701 23:57:56.928"></status>
</kw>
<status status="PASS" starttime="20200701 23:57:56.491" endtime="20200701 23:57:56.928"></status>
</kw>
<kw name="Verify if Price is Correct" library="Resources">
<kw name="Element Text Should Be" library="SeleniumLibrary">
<doc>Verifies that element ``locator`` contains exact the text ``expected``.</doc>
<arguments>
<arg>xpath://html/body/app-root/div/mat-sidenav-container/mat-sidenav-content/app-order-completion/mat-card/div[2]/mat-table/mat-footer-row/mat-footer-cell[4]/table/tr[4]/td</arg>
<arg>8.99¤</arg>
</arguments>
<msg timestamp="20200701 23:57:56.929" level="INFO">Verifying element 'xpath://html/body/app-root/div/mat-sidenav-container/mat-sidenav-content/app-order-completion/mat-card/div[2]/mat-table/mat-footer-row/mat-footer-cell[4]/table/tr[4]/td' contains exact text '8.99¤'.</msg>
<status status="PASS" starttime="20200701 23:57:56.929" endtime="20200701 23:57:56.951"></status>
</kw>
<status status="PASS" starttime="20200701 23:57:56.929" endtime="20200701 23:57:56.951"></status>
</kw>
<kw name="Verify if Delivery Details is Correct" library="Resources">
<kw name="Element Text Should Be" library="SeleniumLibrary">
<doc>Verifies that element ``locator`` contains exact the text ``expected``.</doc>
<arguments>
<arg>xpath://html/body/app-root/div/mat-sidenav-container/mat-sidenav-content/app-order-completion/mat-card/div[1]/div/mat-card[2]/div/div[2]</arg>
<arg>test</arg>
</arguments>
<msg timestamp="20200701 23:57:56.952" level="INFO">Verifying element 'xpath://html/body/app-root/div/mat-sidenav-container/mat-sidenav-content/app-order-completion/mat-card/div[1]/div/mat-card[2]/div/div[2]' contains exact text 'test'.</msg>
<status status="PASS" starttime="20200701 23:57:56.952" endtime="20200701 23:57:57.109"></status>
</kw>
<kw name="Element Text Should Be" library="SeleniumLibrary">
<doc>Verifies that element ``locator`` contains exact the text ``expected``.</doc>
<arguments>
<arg>xpath://html/body/app-root/div/mat-sidenav-container/mat-sidenav-content/app-order-completion/mat-card/div[1]/div/mat-card[2]/div/div[3]</arg>
<arg>test test, test, test, 1234</arg>
</arguments>
<msg timestamp="20200701 23:57:57.110" level="INFO">Verifying element 'xpath://html/body/app-root/div/mat-sidenav-container/mat-sidenav-content/app-order-completion/mat-card/div[1]/div/mat-card[2]/div/div[3]' contains exact text 'test test, test, test, 1234'.</msg>
<status status="PASS" starttime="20200701 23:57:57.110" endtime="20200701 23:57:57.145"></status>
</kw>
<kw name="Element Text Should Be" library="SeleniumLibrary">
<doc>Verifies that element ``locator`` contains exact the text ``expected``.</doc>
<arguments>
<arg>xpath://html/body/app-root/div/mat-sidenav-container/mat-sidenav-content/app-order-completion/mat-card/div[1]/div/mat-card[2]/div/div[4]</arg>
<arg>test</arg>
</arguments>
<msg timestamp="20200701 23:57:57.145" level="INFO">Verifying element 'xpath://html/body/app-root/div/mat-sidenav-container/mat-sidenav-content/app-order-completion/mat-card/div[1]/div/mat-card[2]/div/div[4]' contains exact text 'test'.</msg>
<status status="PASS" starttime="20200701 23:57:57.145" endtime="20200701 23:57:57.163"></status>
</kw>
<status status="PASS" starttime="20200701 23:57:56.951" endtime="20200701 23:57:57.163"></status>
</kw>
<kw name="Verify if Phone Number is Correct" library="Resources">
<kw name="Element Should Contain" library="SeleniumLibrary">
<doc>Verifies that element ``locator`` contains text ``expected``.</doc>
<arguments>
<arg>xpath://html/body/app-root/div/mat-sidenav-container/mat-sidenav-content/app-order-completion/mat-card/div[1]/div/mat-card[2]/div/div[5]</arg>
<arg>123456789</arg>
</arguments>
<msg timestamp="20200701 23:57:57.184" level="INFO">Element 'xpath://html/body/app-root/div/mat-sidenav-container/mat-sidenav-content/app-order-completion/mat-card/div[1]/div/mat-card[2]/div/div[5]' contains text '123456789'.</msg>
<status status="PASS" starttime="20200701 23:57:57.164" endtime="20200701 23:57:57.184"></status>
</kw>
<status status="PASS" starttime="20200701 23:57:57.164" endtime="20200701 23:57:57.184"></status>
</kw>
<kw name="Capture Page Screenshot" library="SeleniumLibrary">
<doc>Takes a screenshot of the current page and embeds it into a log file.</doc>
<arguments>
<arg>OrderFulfilled.png</arg>
</arguments>
<msg timestamp="20200701 23:57:57.496" level="INFO" html="yes">&lt;/td&gt;&lt;/tr&gt;&lt;tr&gt;&lt;td colspan="3"&gt;&lt;a href="OrderFulfilled.png"&gt;&lt;img src="OrderFulfilled.png" width="800px"&gt;&lt;/a&gt;</msg>
<status status="PASS" starttime="20200701 23:57:57.184" endtime="20200701 23:57:57.496"></status>
</kw>
<status status="PASS" starttime="20200701 23:55:36.032" endtime="20200701 23:57:57.496" critical="yes"></status>
</test>
<doc>This is a simple automation test using robot framework.</doc>
<status status="PASS" starttime="20200701 23:55:35.883" endtime="20200701 23:57:57.498"></status>
</suite>
<statistics>
<total>
<stat pass="1" fail="0">Critical Tests</stat>
<stat pass="1" fail="0">All Tests</stat>
</total>
<tag>
</tag>
<suite>
<stat pass="1" fail="0" id="s1" name="AutomationExam">AutomationExam</stat>
</suite>
</statistics>
<errors>
</errors>
</robot>
